=~=~=~=~=~=~=~=~=~=~=~= PuTTY log 2024.10.28 12:41:59 =~=~=~=~=~=~=~=~=~=~=~=
1947
1933
1931
1928
1928
1918
1914
1911
1913
1913
1925
1957
1975
1965
1949
1935
1934
1939
1931
1919
1915
1914
1914
1913
1935
1963
1971
1955
1937
1932
1939
1933
1927
1919
1912
1913
1915
1943
1967
1967
1955
1939
1931
1931
1929
1925
1915
1913
1915
1919
1944
1970
1963
1947
1937
1935
1938
1931
1925
1913
1912
1911
1927
1956
1963
1952
1941
1931
1931
1927
1925
1915
1913
1915
1915
1939
1963
1965
1949
1932
1926
1929
1927
1917
1916
1913
1913
1914
1932
1961
1964
1949
1931
1927
1917
1925
1917
1913
1911
1911
1911
1911
1941
1958
1947
1939
1929
1929
1931
1927
1917
1913
1912
1913
1915
1932
1959
1965
1951
1937
1929
1933
1931
1925
1915
1912
1913
1915
1917
1947
1965
1961
1945
1931
1933
1933
1930
1929
1919
1915
1913
1915
1941
1967
1967
1951
1938
1927
1929
1931
1920
1917
1917
1916
1925
1949
1973
1972
1955
1939
1933
1939
1935
1929
1918
1916
1917
1934
1960
1961
1949
1933
1928
1931
1932
1929
1925
1917
1915
1927
1949
1963
1949
1939
1935
1939
1939
1935
1927
1919
1918
1928
1950
1965
1955
1939
1927
1929
1931
1931
1927
1919
1915
1917
1939
1961
1951
1939
1929
1929
1931
1933
1926
1919
1913
1909
1925
1945
1947
1933
1917
1913
1913
1925
1917
1915
1913
1918
1919
1949
1956
1947
1933
1929
1929
1931
1925
1927
1914
1911
1927
1948
1945
1939
1925
1925
1927
1927
1919
1917
1914
1915
1929
1951
1951
1941
1927
1929
1928
1929
1919
1915
1915
1917
1934
1959
1956
1945
1931
1929
1919
1931
1925
1926
1918
1919
1929
1949
1957
1947
1929
1926
1928
1931
1929
1927
1915
1913
1915
1941
1960
1955
1939
1929
1927
1930
1929
1925
1925
1925
1929
1949
1963
1955
1941
1931
1931
1939
1931
1927
1919
1920
1937
1963
1967
1957
1940
1938
1937
1935
1927
1927
1917
1919
1947
1967
1961
1948
1933
1933
1935
1935
1927
1916
1913
1931
1955
1968
1955
1945
1934
1935
1941
1935
1929
1919
1913
1925
1950
1971
1963
1951
1939
1937
1938
1933
1929
1919
1915
1919
1929
1959
1972
1963
1945
1939
1940
1939
1931
1926
1911
1914
1916
1929
1958
1974
1962
1947
1933
1929
1931
1929
1919
1917
1912
1915
1913
1929
1963
1975
1959
1944
1932
1933
1932
1929
1925
1914
1917
1911
1913
1917
1955
1977
1981
1951
1939
1935
1931
1933
1919
1917
1909
1913
1913
1917
1945
1977
1967
1958
1937
1929
1927
1932
1925
1919
1917
1914
1915
1917
1957
1977
1967
1947
1929
1927
1932
1931
1927
1918
1916
1913
1913
1943
1975
1973
1955
1939
1935
1935
1929
1925
1912
1912
1911
1913
1947
1973
1965
1949
1933
1931
1935
1939
1925
1916
1912
1913
1925
1963
1983
1961
1941
1933
1932
1933
1928
1924
1912
1912
1911
1943
1973
1967
1947
1939
1931
1933
1932
1913
1915
1911
1903
1929
1959
1972
1961
1941
1931
1931
1931
1918
1918
1915
1911
1911
1933
1961
1961
1950
1941
1938
1930
1919
1917
1917
1911
1907
1910
1942
1965
1957
1942
1928
1919
1925
1915
1911
1901
1899
1903
1907
1943
1972
1965
1947
1928
1919
1925
1914
1906
1907
1907
1912
1912
1938
1975
1974
1946
1926
1911
1913
1915
1912
1913
1903
1908
1913
1925
1964
1991
1972
1946
1929
1927
1928
1926
1915
1913
1911
1911
1909
1929
1966
1979
1965
1943
1928
1931
1933
1928
1918
1913
1901
1900
1907
1942
1965
1961
1943
1931
1929
1929
1925
1915
1911
1909
1909
1912
1942
1972
1973
1955
1935
1931
1933
1931
1918
1914
1904
1909
1912
1933
1975
1979
1961
1943
1933
1929
1930
1919
1911
1911
1909
1913
1927
1971
1977
1961
1940
1929
1927
1929
1917
1911
1901
1893
1896
1913
1957
1979
1957
1939
1927
1929
1930
1925
1915
1906
1899
1903
1933
1977
1983
1960
1940
1934
1940
1942
1933
1926
1917
1913
1929
1963
1991
1977
1949
1939
1939
1941
1934
1927
1913
1913
1907
1920
1959
1997
1979
1965
1944
1943
1939
1929
1918
1915
1914
1917
1931
1961
1990
1974
1947
1935
1930
1937
1933
1925
1913
1913
1913
1917
1951
1975
1967
1945
1934
1931
1934
1934
1926
1915
1912
1911
1912
1944
1967
1963
1941
1929
1927
1935
1933
1918
1912
1917
1913
1919
1951
1977
1973
1949
1937
1931
1920
1913
1903
1903
1903
1915
1929
1959
1976
1964
1940
1931
1927
1931
1927
1925
1917
1915
1913
1925
1945
1971
1973
1950
1931
1927
1927
1928
1927
1913
1909
1909
1915
1929
1963
1975
1961
1949
1937
1933
1930
1927
1915
1915
1911
1909
1915
1941
1967
1971
1941
1931
1919
1929
1926
1915
1908
1909
1915
1918
1945
1980
1987
1963
1933
1918
1911
1915
1917
1915
1913
1917
1931
1973
1991
1973
1948
1934
1933
1939
1927
1917
1913
1917
1933
1965
1979
1966
1945
1930
1919
1935
1935
1929
1919
1916
1917
1957
1975
1963
1951
1939
1933
1940
1933
1930
1912
1917
1915
1949
1974
1965
1949
1935
1927
1925
1919
1919
1915
1918
1914
1935
1967
1971
1957
1935
1931
1925
1919
1918
1913
1912
1911
1925
1960
1973
1964
1947
1935
1929
1930
1925
1917
1918
1913
1917
1945
1975
1967
1949
1934
1931
1931
1928
1925
1919
1919
1927
1929
1960
1975
1971
1946
1933
1929
1931
1925
1926
1912
1918
1914
1933
1961
1973
1951
1939
1929
1933
1929
1926
1915
1915
1913
1917
1935
1963
1959
1947
1915
1919
1925
1918
1913
1907
1909
1909
1915
1949
1967
1961
1940
1918
1929
1933
1931
1927
1915
1919
1913
1927
1961
1965
1944
1930
1925
1928
1931
1917
1917
1919
1917
1929
1959
1971
1955
1939
1927
1935
1939
1919
1915
1917
1928
1915
1939
1967
1963
1949
1931
1926
1927
1927
1925
1919
1913
1919
1935
1967
1971
1955
1933
1927
1927
1928
1915
1915
1913
1912
1911
1928
1961
1972
1952
1939
1925
1925
1919
1914
1911
1911
1913
1913
1938
1965
1967
1950
1929
1929
1928
1925
1913
1908
1908
1911
1910
1928
1960
1964
1948
1930
1925
1929
1925
1913
1903
1907
1905
1911
1934
1973
1977
1955
1941
1931
1931
1925
1915
1911
1911
1907
1911
1931
1971
1978
1965
1949
1941
1943
1938
1928
1913
1909
1913
1915
1933
1965
1974
1957
1939
1919
1927
1927
1917
1911
1903
1907
1909
1935
1964
1968
1949
1930
1926
1919
1919
1910
1902
1903
1911
1933
1961
1963
1943
1919
1925
1932
1939
1937
1931
1927
1941
1975
1989
1967
1941
1925
1929
1933
1935
1931
1927
1925
1941
1989
1995
1975
1949
1935
1935
1943
1939
1927
1915
1913
1913
1927
1961
1965
1945
1931
1919
1916
1917
1911
1901
1897
1897
1895
1901
1901
1907
1927
1941
1933
1925
1917
1915
1912
1910
1907
1909
1905
1907
1903
1907
1902
1903
1907
1925
1928
1919
1913
1908
1913
1915
1912
1913
1908
1911
1909
1913
1917
1917
1917
1925
1927
1931
1927
1919
1919
1917
1919
1919
1919
1927
1919
1925
1917
1915
1919
1919
1927
1939
1941
1941
1933
1935
1929
1933
1934
1935
1931
1929
1931
1929
1930
1931
1929
1945
1952
1957
1949
1943
1938
1948
1949
1947
1939
1941
1933
1943
1939
1943
1943
1962
1983
1981
1970
1959
1959
1965
1963
1957
1948
1944
1947
1944
1943
1945
1951
1977
1979
1967
1947
1945
1945
1957
1951
1948
1939
1941
1932
1934
1933
1943
1967
1975
1963
1944
1947
1947
1941
1941
1925
1930
1919
1916
1917
1927
1940
1961
1965
1949
1927
1929
1933
1941
1933
1932
1925
1930
1927
1919
1928
1951
1958
1951
1939
1931
1931
1939
1933
1931
1917
1916
1917
1926
1931
1958
1973
1965
1956
1948
1961
1947
1947
1937
1935
1927
1941
1949
1975
1975
1962
1947
1943
1941
1944
1941
1933
1930
1927
1910
1915
1943
1951
1943
1927
1919
1925
1925
1919
1919
1917
1913
1911
1917
1949
1963
1956
1940
1933
1927
1925
1919
1919
1915
1915
1917
1917
1927
1950
1967
1959
1947
1939
1927
1927
1919
1917
1915
1915
1913
1913
1911
1925
1959
1972
1959
1947
1939
1933
1927
1929
1919
1917
1925
1919
1919
1925
1927
1930
1957
1974
1964
1951
1941
1938
1933
1929
1919
1919
1919
1919
1919
1917
1911
1915
1935
1967
1971
1957
1941
1935
1931
1933
1929
1926
1917
1916
1918
1917
1915
1913
1925
1956
1972
1963
1949
1941
1932
1