=~=~=~=~=~=~=~=~=~=~=~= PuTTY log 2024.10.28 12:39:19 =~=~=~=~=~=~=~=~=~=~=~=
1941
2115
2139
2023
1911
1885
1909
1915
1891
1863
1847
1837
1837
1861
2057
2135
2013
1919
1869
1884
1903
1879
1843
1827
1824
1839
1871
2023
2099
2011
1917
1880
1881
1901
1875
1850
1835
1835
1839
1869
2013
2069
2003
1919
1881
1895
1931
1913
1897
1875
1875
1881
1907
2059
2117
2003
1907
1876
1883
1903
1891
1852
1837
1833
1835
1897
2067
2111
2008
1909
1878
1891
1900
1883
1852
1847
1839
1847
1913
2107
2123
2001
1896
1865
1887
1881
1865
1843
1835
1834
1845
1881
2063
2111
2032
1938
1891
1903
1900
1880
1849
1844
1837
1836
1849
2001
2101
2058
1931
1887
1897
1917
1913
1875
1845
1849
1854
1865
2020
2149
2060
1950
1879
1893
1926
1913
1875
1851
1846
1866
1903
2076
2167
2057
1941
1893
1903
1917
1899
1879
1848
1847
1865
1967
2188
2151
2007
1915
1881
1916
1928
1893
1870
1861
1845
1895
2105
2203
2079
1945
1880
1885
1899
1902
1862
1839
1839
1847
1973
2203
2149
2005
1901
1878
1900
1907
1863
1845
1827
1844
1901
2111
2153
2003
1897
1863
1899
1912
1891
1874
1836
1849
1873
2095
2195
2071
1927
1894
1892
1919
1902
1851
1822
1823
1835
2073
2200
2104
1965
1893
1899
1919
1885
1867
1811
1831
1849
1965
2221
2201
2025
1929
1885
1932
1915
1891
1876
1865
1855
1875
2029
2251
2195
2057
1951
1975
1967
1977
1915
1863
1832
1821
1861
2095
2191
2084
1941
1865
1865
1912
1875
1851
1823
1815
1815
1895
2141
2205
2023
1915
1869
1939
1925
1887
1838
1823
1823
1835
1931
2238
2139
2021
1941
1931
1943
1947
1892
1853
1837
1823
1877
2095
2186
2095
1957
1933
1941
1951
1915
1876
1819
1823
1836
2035
2195
2115
1961
1876
1861
1917
1894
1848
1821
1805
1803
1932
2125
2083
1951
1893
1877
1913
1891
1855
1833
1837
1843
2039
2175
2135
1995
1916
1909
1945
1912
1892
1848
1834
1893
2165
2203
2104
1951
1892
1883
1868
1835
1813
1790
1803
1925
2159
2095
1978
1881
1869
1897
1894
1873
1829
1799
1805
1961
2195
2103
1991
1900
1887
1897
1883
1866
1828
1824
1824
1958
2166
2095
1966
1884
1877
1887
1871
1837
1803
1810
1819
1887
2153
2180
2040
1940
1887
1913
1909
1873
1823
1815
1800
1829
1979
2220
2095
1973
1899
1877
1891
1883
1834
1821
1807
1815
1852
2099
2157
2024
1927
1893
1892
1886
1849
1835
1817
1817
1833
1891
2155
2165
2021
1919
1855
1879
1883
1868
1839
1829
1811
1823
1848
2059
2184
2077
1935
1895
1885
1902
1868
1831
1797
1801
1811
1835
1948
2159
2101
1965
1869
1850
1885
1896
1851
1831
1819
1837
1843
2011
2173
2107
1982
1908
1909
1929
1902
1877
1848
1833
1817
1893
2139
2186
2056
1943
1883
1908
1915
1903
1845
1831
1829
1849
2015
2247
2117
1981
1883
1875
1881
1877
1839
1837
1819
1823
1895
2163
2180
2042
1915
1883
1895
1913
1889
1855
1827
1834
1831
2005
2175
2092
1957
1878
1863
1903
1893
1875
1839
1835
1823
1913
2123
2127
1983
1895
1867
1897
1899
1877
1829
1828
1823
1894
2080
2191
2063
1967
1899
1915
1913
1899
1853
1843
1821
1833
1941
2163
2105
2001
1891
1874
1891
1895
1853
1851
1836
1855
1867
2012
2167
2135
2005
1928
1900
1929
1907
1883
1845
1835
1835
1864
2003
2237
2151
1995
1908
1901
1919
1903
1864
1839
1839
1838
1870
2071
2198
2120
1983
1928
1907
1915
1883
1847
1818
1820
1835
1917
2190
2236
2108
1993
1930
1946
1927
1903
1855
1846
1837
1839
1900
2199
2219
2093
1975
1926
1931
1933
1884
1827
1797
1789
1790
1824
2036
2173
2057
1947
1884
1911
1915
1875
1829
1797
1784
1785
1815
1983
2124
2047
1939
1880
1879
1874
1838
1822
1801
1791
1802
1837
2013
2095
1998
1901
1873
1901
1886
1853
1851
1819
1827
1830
1869
2056
2181
2075
1963
1903
1880
1907
1879
1847
1801
1805
1818
1862
1981
2143
2045
1989
1911
1927
1933
1912
1876
1863
1837
1838
1934
2207
2215
2163
2003
1941
1949
1935
1877
1871
1848
1850
1895
2109
2239
2163
2011
1930
1911
1903
1892
1863
1833
1823
1827
1935
2165
2131
1979
1915
1896
1940
1896
1877
1843
1823
1801
1852
2117
2248
2147
2015
1950
1927
1901
1916
1875
1811
1839
1836
1931
2248
2235
2127
2007
1943
1891
1909
1832
1917
1878
1847
1863
1963
2122
2159
2040
1952
1901
1884
1878
1845
1831
1802
1809
2011
2207
2165
2101
2041
2003
1957
1882
1862
1868
1807
1817
1903
2143
2203
2038
1967
1943
1895
1869
1891
1811
1752
1723
1725
1951
2021
2075
1887
1824
1915
1933
1895
1839
1805
1779
1767
1855
2115
2169
2063
1952
1871
1850
1836
1817
1805
1765
1758
1803
1877
2115
2141
2041
1947
1879
1915
1868
1833
1892
1831
1843
1835
2001
2224
2143
2012
1891
1869
1909
1912
1874
1803
1800
1759
1867
2057
2217
2060
1996
1867
1899
1899
1901
1833
1805
1749
1797
1927
2171
2101
1957
1885
1835
1851
1867
1855
1829
1800
1797
1863
2107
2086
1973
1861
1829
1831
1853
1845
1839
1805
1813
1853
2095
2131
2030
1901
1861
1861
1868
1843
1839
1809
1824
1905
2152
2139
2009
1903
1884
1896
1911
1879
1847
1833
1863
2065
2215
2083
1973
1893
1899
1914
1901
1911
1846
1817
1917
2171
2155
2019
1915
1875
1899
1900
1881
1847
1831
1839
2123
2231
2165
1975
1901
1895
1929
1911
1879
1831
1843
1886
2173
2189
2063
1952
1943
1927
1963
1944
1893
1865
1843
1971
2238
2169
2015
1917
1897
1911
1927
1914
1885
1847
1901
2123
2182
2070
1956
1887
1879
1903
1907
1949
1897
1844
1824
1989
2125
2019
1948
1873
1865
1849
1829
1827
1791
1791
1783
1773
1817
2008
2067
1967
1870
1882
1867
1853
1820
1803
1787
1787
1789
1801
1903
2085
2025
1913
1845
1818
1861
1831
1791
1779
1755
1847
1837
1845
1957
2137
2103
1919
1723
1818
1816
1917
1833
1853
1815
1800
1835
1881
2042
2124
2006
1885
1832
1853
1883
1848
1845
1831
1835
1829
1849
2009
2108
2013
1909
1840
1847
1866
1877
1869
1849
1803
1813
1851
2019
2131
2009
1925
1849
1867
1901
1919
1893
1869
1813
1879
1964
2051
2073
1959
1903
1895
1867
1965
1915
1901
1852
1787
1851
2149
2021
2043
1941
1819
1851
1849
1992
1901
1823
1829
1935
2125
2133
2024
1837
1831
1895
1911
1901
1897
1855
1839
1847
2063
2085
2167
2008
1965
1931
1973
1933
2008
1915
1927
1873
1977
2247
2231
2088
1983
1929
1948
1949
1916
1865
1860
1837
1845
1912
2195
2167
2053
1951
1914
1913
1928
1881
1864
1829
1844
1843
1891
2164
2245
2101
2005
1943
1950
1933
1909
1855
1823
1801
1863
1880
2125
2251
2199
2066
1999
1979
1967
1943
1893
1861
1852
1883
1885
1897
2169
2252
2227
2093
1996
1976
1999
1965
1903
1851
1819
1809
1823
1811
1993
2205
2163
2025
1948
1909
1941
1901
1879
1847
1821
1817
1817
1845
2087
2239
2165
2011
1916
1893
1881
1869
1848
1817
1797
1780
1774
1789
1976
2201
2136
2007
1909
1880
1901
1901
1863
1817
1797
1785
1799
1805
1975
2181
2139
1999
1895
1869
1893
1887
1875
1832
1813
1799
1803
1804
1967
2151
2099
1971
1875
1853
1881
1877
1851
1823
1800
1799
1803
1835
2045
2157
2040
1927
1849
1855
1885
1871
1845
1828
1819
1815
1891
2095
2143
2023
1913
1852
1867
1897
1883
1847
1819
1826
1845
2028
2212
2137
1989
1897
1877
1895
1893
1875
1839
1821
1827
1919
2169
2171
2044
1942
1895
1907
1929
1892
1848
1819
1811
1875
2121
2198
2073
1950
1885
1911
1931
1928
1887
1865
1835
1861
2107
2229
2117
1990
1901
1910
1927
1935
1890
1865
1837
1843
1949
2214
2171
2039
1919
1881
1895
1895
1869
1850
1829
1845
1848
2042
2251
2231
2099
1975
1925
1919
1898
1883
1832
1827
1810
1829
1957
2199
2117
1978
1897
1886
1911
1911
1871
1845
1823
1833
1823
1919
2189
2212
2079
1944
1873
1885
1851
1831
1798
1789
1767
1789
1836
2111
2183
2075
1943
1883
1864
1891
1851
1817
1798
1800
1799
1801
1943
2139
2072
1976
1880
1843
1839
1840
1821
1811
1773
1775
1756
1849
2057
2092
1979
1881
1835
1847
1853
1846
1821
1815
1787
1809
1899
2107
2023
1927
1847
1833
1845
1851
1832
1823
1815
1815
1855
2091
2120
2008
1903
1867
1853
1877
1847
1839
1803
1812
1833
1959
2116
2053
1885
1912
1899
1894
1895
1871
1837
1834
1829
1865
2039
2133
2035
1944
1887
1881
1844
1851
1833
1861
1843
1843
1900
2105
2091
1991
1911
1877
1871
1855
1839
1843
1837
1843
1845
1961
2133
2079
1976
1903
1873
1877
1883
1854
1817
1805
1817
1831
1879
2078
2095
2008
1913
1873
1865
1865
1849
1843
1831
1831
1835
1839
1941
2102
2059
1955
1893
1885
1885
1881
1861
1837
1839
1846
1852
1863
2014
2131
2029
1947
1870
1873
1891
1887
1869
1847
1846
1852
1864
1991
2130
2077
1967
1